This is pdfTeXk, Version 3.141592-1.40.3 (Web2C 7.5.6) (format=latex 2010.8.31)  22 DEC 2011 00:39
entering extended mode
 %&-line parsing enabled.
**mine.dbj
(./mine.dbj
LaTeX2e <2005/12/01>
Babel <v3.8h> and hyphenation patterns for english, usenglishmax, dumylang, noh
yphenation, croatian, ukrainian, russian, bulgarian, czech, slovak, danish, dut
ch, finnish, basque, french, german, ngerman, ibycus, greek, monogreek, ancient
greek, hungarian, italian, latin, mongolian, norsk, icelandic, interlingua, tur
kish, coptic, romanian, welsh, serbian, slovenian, estonian, esperanto, upperso
rbian, indonesian, polish, portuguese, spanish, catalan, galician, swedish, loa
ded.
(/usr/share/texmf-texlive/tex/latex/base/docstrip.tex
\blockLevel=\count79
\emptyLines=\count80
\processedLines=\count81
\commentsRemoved=\count82
\commentsPassed=\count83
\codeLinesPassed=\count84
\TotalprocessedLines=\count85
\TotalcommentsRemoved=\count86
\TotalcommentsPassed=\count87
\TotalcodeLinesPassed=\count88
\NumberOfFiles=\count89
\inFile=\read1
\inputcheck=\read2
\off@0=\count90
\off@1=\count91
\off@2=\count92
\off@3=\count93
\off@4=\count94
\off@5=\count95
\off@6=\count96
\off@7=\count97
\off@8=\count98
\off@9=\count99
\off@10=\count100
\off@11=\count101
\off@12=\count102
\off@13=\count103
\off@14=\count104
\off@15=\count105
\@maxfiles=\count106
\@maxoutfiles=\count107

Utility: `docstrip' 2.5d <2005/07/29>
English documentation    <1999/03/31>

**********************************************************
* This program converts documented macro-files into fast *
* loadable files by stripping off (nearly) all comments! *
**********************************************************

********************************************************
* No Configuration file found, using default settings. *
********************************************************

)

Generating file(s) ./mine.bst 
\openout0 = `./mine.bst'.


Processing file merlin.mbs (seq-yrr,nm-init,ed-au,xmth,atit-u,num-xser,isbn,iss
n,doi,xedn,nfss,) -> mine.bst
Lines  processed: 9043
Comments removed: 3714
Comments  passed: 1
Codelines passed: 3573

 ) 
Here is how much of TeX's memory you used:
 612 strings out of 94102
 5271 string characters out of 1165833
 59594 words of memory out of 1500000
 3983 multiletter control sequences out of 10000+50000
 3640 words of font info for 14 fonts, out of 1200000 for 2000
 637 hyphenation exceptions out of 8191
 13i,0n,15p,309b,420s stack positions out of 5000i,500n,6000p,200000b,5000s

No pages of output.
